2025-01-12T18:22:25.350-03:00  INFO 18764 --- [crud] [restartedMain] com.supermercado.CrudApplication         : Starting CrudApplication using Java 23.0.1 with PID 18764 (C:\Users\israe\IdeaProjects\CRUD\target\classes started by israe in C:\Users\israe\IdeaProjects\CRUD)
2025-01-12T18:22:25.353-03:00  INFO 18764 --- [crud] [restartedMain] com.supermercado.CrudApplication         : No active profile set, falling back to 1 default profile: "default"
2025-01-12T18:22:25.406-03:00  INFO 18764 --- [crud] [restartedMain] .e.DevToolsPropertyDefaultsPostProcessor : Devtools property defaults active! Set 'spring.devtools.add-properties' to 'false' to disable
2025-01-12T18:22:25.406-03:00  INFO 18764 --- [crud] [restartedMain] .e.DevToolsPropertyDefaultsPostProcessor : For additional web related logging consider setting the 'logging.level.web' property to 'DEBUG'
2025-01-12T18:22:26.005-03:00  INFO 18764 --- [crud] [restartedMain] .s.d.r.c.RepositoryConfigurationDelegate : Bootstrapping Spring Data JPA repositories in DEFAULT mode.
2025-01-12T18:22:26.035-03:00  WARN 18764 --- [crud] [restartedMain] ConfigServletWebServerApplicationContext : Exception encountered during context initialization - cancelling refresh attempt: java.lang.IllegalArgumentException: Could not resolve domain type of interface com.supermercado.repository.ProductRepository
2025-01-12T18:22:26.041-03:00  INFO 18764 --- [crud] [restartedMain] .s.b.a.l.ConditionEvaluationReportLogger : 

Error starting ApplicationContext. To display the condition evaluation report re-run your application with 'debug' enabled.
2025-01-12T18:22:26.063-03:00 ERROR 18764 --- [crud] [restartedMain] o.s.boot.SpringApplication               : Application run failed

java.lang.IllegalArgumentException: Could not resolve domain type of interface com.supermercado.repository.ProductRepository
	at org.springframework.data.repository.core.support.DefaultRepositoryMetadata.resolveTypeParameter(DefaultRepositoryMetadata.java:79) ~[spring-data-commons-3.4.0.jar:3.4.0]
	at org.springframework.data.repository.core.support.DefaultRepositoryMetadata.<init>(DefaultRepositoryMetadata.java:58) ~[spring-data-commons-3.4.0.jar:3.4.0]
	at org.springframework.data.repository.core.support.AbstractRepositoryMetadata.getMetadata(AbstractRepositoryMetadata.java:79) ~[spring-data-commons-3.4.0.jar:3.4.0]
	at org.springframework.data.repository.config.RepositoryConfigurationExtensionSupport.getRepositoryConfigurations(RepositoryConfigurationExtensionSupport.java:93) ~[spring-data-commons-3.4.0.jar:3.4.0]
	at org.springframework.data.repository.config.RepositoryConfigurationDelegate.registerRepositoriesIn(RepositoryConfigurationDelegate.java:168) ~[spring-data-commons-3.4.0.jar:3.4.0]
	at org.springframework.boot.autoconfigure.data.AbstractRepositoryConfigurationSourceSupport.registerBeanDefinitions(AbstractRepositoryConfigurationSourceSupport.java:62) ~[spring-boot-autoconfigure-3.4.0.jar:3.4.0]
	at org.springframework.context.annotation.ConfigurationClassBeanDefinitionReader.lambda$loadBeanDefinitionsFromRegistrars$1(ConfigurationClassBeanDefinitionReader.java:387) ~[spring-context-6.2.0.jar:6.2.0]
	at java.base/java.util.LinkedHashMap.forEach(LinkedHashMap.java:987) ~[na:na]
	at org.springframework.context.annotation.ConfigurationClassBeanDefinitionReader.loadBeanDefinitionsFromRegistrars(ConfigurationClassBeanDefinitionReader.java:386) ~[spring-context-6.2.0.jar:6.2.0]
	at org.springframework.context.annotation.ConfigurationClassBeanDefinitionReader.loadBeanDefinitionsForConfigurationClass(ConfigurationClassBeanDefinitionReader.java:149) ~[spring-context-6.2.0.jar:6.2.0]
	at org.springframework.context.annotation.ConfigurationClassBeanDefinitionReader.loadBeanDefinitions(ConfigurationClassBeanDefinitionReader.java:121) ~[spring-context-6.2.0.jar:6.2.0]
	at org.springframework.context.annotation.ConfigurationClassPostProcessor.processConfigBeanDefinitions(ConfigurationClassPostProcessor.java:430) ~[spring-context-6.2.0.jar:6.2.0]
	at org.springframework.context.annotation.ConfigurationClassPostProcessor.postProcessBeanDefinitionRegistry(ConfigurationClassPostProcessor.java:290) ~[spring-context-6.2.0.jar:6.2.0]
	at org.springframework.context.support.PostProcessorRegistrationDelegate.invokeBeanDefinitionRegistryPostProcessors(PostProcessorRegistrationDelegate.java:349) ~[spring-context-6.2.0.jar:6.2.0]
	at org.springframework.context.support.PostProcessorRegistrationDelegate.invokeBeanFactoryPostProcessors(PostProcessorRegistrationDelegate.java:118) ~[spring-context-6.2.0.jar:6.2.0]
	at org.springframework.context.support.AbstractApplicationContext.invokeBeanFactoryPostProcessors(AbstractApplicationContext.java:791) ~[spring-context-6.2.0.jar:6.2.0]
	at org.springframework.context.support.AbstractApplicationContext.refresh(AbstractApplicationContext.java:609) ~[spring-context-6.2.0.jar:6.2.0]
	at org.springframework.boot.web.servlet.context.ServletWebServerApplicationContext.refresh(ServletWebServerApplicationContext.java:146) ~[spring-boot-3.4.0.jar:3.4.0]
	at org.springframework.boot.SpringApplication.refresh(SpringApplication.java:752) ~[spring-boot-3.4.0.jar:3.4.0]
	at org.springframework.boot.SpringApplication.refreshContext(SpringApplication.java:439) ~[spring-boot-3.4.0.jar:3.4.0]
	at org.springframework.boot.SpringApplication.run(SpringApplication.java:318) ~[spring-boot-3.4.0.jar:3.4.0]
	at org.springframework.boot.SpringApplication.run(SpringApplication.java:1361) ~[spring-boot-3.4.0.jar:3.4.0]
	at org.springframework.boot.SpringApplication.run(SpringApplication.java:1350) ~[spring-boot-3.4.0.jar:3.4.0]
	at com.supermercado.CrudApplication.main(CrudApplication.java:9) ~[classes/:na]
	at java.base/jdk.internal.reflect.DirectMethodHandleAccessor.invoke(DirectMethodHandleAccessor.java:103) ~[na:na]
	at java.base/java.lang.reflect.Method.invoke(Method.java:580) ~[na:na]
	at org.springframework.boot.devtools.restart.RestartLauncher.run(RestartLauncher.java:50) ~[spring-boot-devtools-3.4.0.jar:3.4.0]

